C51 COMPILER V9.60.0.0   DAC                                                               02/02/2020 23:32:40 PAGE 1   


C51 COMPILER V9.60.0.0, COMPILATION OF MODULE DAC
OBJECT MODULE PLACED IN .\Objects\DAC.obj
COMPILER INVOKED BY: D:\Program Files (x86)\KEIL\C51\BIN\C51.EXE DAC.c OPTIMIZE(8,SPEED) BROWSE DEBUG OBJECTEXTEND PRINT
                    -(.\Listings\DAC.lst) TABS(2) OBJECT(.\Objects\DAC.obj)

line level    source

   1          #include<test1.h>
   2          
   3          sbit WR1=P1^0;
   4          sbit CS=P1^1;
   5          sbit ILE=P1^2;
   6          sbit WR2=P1^3;
   7          sbit XFER=P1^4;
   8          
   9          void write_DAC()            //DAC直通，输出电压满幅
  10          {
  11   1        P0=c;
  12   1        WR1=CS=WR2=XFER=0;
  13   1        ILE=0;
  14   1      }


MODULE INFORMATION:   STATIC OVERLAYABLE
   CODE SIZE        =     14    ----
   CONSTANT SIZE    =   ----    ----
   XDATA SIZE       =   ----    ----
   PDATA SIZE       =   ----    ----
   DATA SIZE        =   ----    ----
   IDATA SIZE       =   ----    ----
   BIT SIZE         =   ----    ----
END OF MODULE INFORMATION.


C51 COMPILATION COMPLETE.  0 WARNING(S),  0 ERROR(S)
